
> node_ts_starter@1.0.0 dev
> npx nodemon

[33m[nodemon] 2.0.22[39m
[33m[nodemon] to restart at any time, enter `rs`[39m
[33m[nodemon] watching path(s): src/**/*[39m
[33m[nodemon] watching extensions: ts,js[39m
[32m[nodemon] starting `npx ts-node ./src/index.ts`[39m
Thirdweb client initialized with secret key: present
Africa's Talking initialized with API key: present
MongoDB URL: mongodb+srv://productionbranch:JYDbTetcX1sPL4hc@cluster0.y6bk3ba.mongodb.net/?retryWrites=true&w=majority&appName=Cluster0
✅ Connected to Redis
node:events:497
      throw er; // Unhandled 'error' event
      ^

Error: read EIO
    at TTY.onStreamRead (node:internal/stream_base_commons:218:20)
Emitted 'error' event on ReadStream instance at:
    at emitErrorNT (node:internal/streams/destroy:169:8)
    at emitErrorCloseNT (node:internal/streams/destroy:128:3)
    at process.processTicksAndRejections (node:internal/process/task_queues:82:21) {
  errno: -5,
  code: 'EIO',
  syscall: 'read'
}

Node.js v20.17.0
